e:\datastructures\ds\learn_ds\learn_ds\x64\debug\vc143.pdb
e:\datastructures\ds\learn_ds\learn_ds\x64\debug\vc143.idb
e:\datastructures\ds\learn_ds\learn_ds\x64\debug\main_source.obj
e:\datastructures\ds\learn_ds\learn_ds\x64\debug\linkedlist.obj
e:\datastructures\ds\learn_ds\learn_ds\x64\debug\learn_ds.obj
e:\datastructures\ds\learn_ds\x64\debug\learn_ds.pdb
e:\datastructures\ds\learn_ds\learn_ds\x64\debug\learn_ds.tlog\cl.command.1.tlog
e:\datastructures\ds\learn_ds\learn_ds\x64\debug\learn_ds.tlog\cl.read.1.tlog
e:\datastructures\ds\learn_ds\learn_ds\x64\debug\learn_ds.tlog\cl.write.1.tlog
e:\datastructures\ds\learn_ds\learn_ds\x64\debug\learn_ds.tlog\link-cvtres.read.1.tlog
e:\datastructures\ds\learn_ds\learn_ds\x64\debug\learn_ds.tlog\link-cvtres.write.1.tlog
e:\datastructures\ds\learn_ds\learn_ds\x64\debug\learn_ds.tlog\link-rc.read.1.tlog
e:\datastructures\ds\learn_ds\learn_ds\x64\debug\learn_ds.tlog\link-rc.write.1.tlog
e:\datastructures\ds\learn_ds\learn_ds\x64\debug\learn_ds.tlog\link.22024-cvtres.read.1.tlog
e:\datastructures\ds\learn_ds\learn_ds\x64\debug\learn_ds.tlog\link.22024-cvtres.write.1.tlog
e:\datastructures\ds\learn_ds\learn_ds\x64\debug\learn_ds.tlog\link.22024-rc.read.1.tlog
e:\datastructures\ds\learn_ds\learn_ds\x64\debug\learn_ds.tlog\link.22024-rc.write.1.tlog
e:\datastructures\ds\learn_ds\learn_ds\x64\debug\learn_ds.tlog\link.22024.read.1.tlog
e:\datastructures\ds\learn_ds\learn_ds\x64\debug\learn_ds.tlog\link.22024.read.2.tlog
e:\datastructures\ds\learn_ds\learn_ds\x64\debug\learn_ds.tlog\link.22024.write.1.tlog
e:\datastructures\ds\learn_ds\learn_ds\x64\debug\learn_ds.tlog\link.command.1.tlog
e:\datastructures\ds\learn_ds\learn_ds\x64\debug\learn_ds.tlog\link.read.1.tlog
e:\datastructures\ds\learn_ds\learn_ds\x64\debug\learn_ds.tlog\link.read.2.tlog
e:\datastructures\ds\learn_ds\learn_ds\x64\debug\learn_ds.tlog\link.write.1.tlog
